make all -f /home/gianfi/Documents/Thesis/xscore_gp/xscore_v1.3/c++/Makefile --print-data-base --no-builtin-variables --no-builtin-rules --question
make: *** No rule to make target 'all'.  Stop.
 
# GNU Make 4.2.1
# Built for x86_64-pc-linux-gnu
# Copyright (C) 1988-2016 Free Software Foundation, Inc.
# License GPLv3+: GNU GPL version 3 or later <http://gnu.org/licenses/gpl.html>
# This is free software: you are free to change and redistribute it.
# There is NO WARRANTY, to the extent permitted by law.

# Make data base, printed on Tue Mar 23 14:59:26 2021

# Variables

# 'override' directive
GNUMAKEFLAGS := 
# automatic
<D = $(patsubst %/,%,$(dir $<))
# automatic
?F = $(notdir $?)
# environment
DESKTOP_SESSION = gnome
# default
.SHELLFLAGS := -c
# environment
XDG_SESSION_CLASS = user
# environment
SNAP_COMMON = /var/snap/code/common
# environment
XDG_SESSION_TYPE = x11
# environment
VSCODE_LOG_NATIVE = false
# automatic
?D = $(patsubst %/,%,$(dir $?))
# automatic
@D = $(patsubst %/,%,$(dir $@))
# environment
XAUTHORITY = /run/user/1000/gdm/Xauthority
# environment
GDMSESSION = gnome
# environment
XMODIFIERS = @im=ibus
# makefile
CURDIR := /home/gianfi/Documents/AOS/miosix-kernel
# makefile
SHELL = /bin/sh
# environment
SNAP_DATA = /var/snap/code/59
# environment
VSCODE_NLS_CONFIG = {"locale":"en-us","availableLanguages":{},"_languagePackSupport":true}
# environment
JOURNAL_STREAM = 9:61764
# environment
XDG_CONFIG_DIRS = /etc/xdg/xdg-gnome:/etc/xdg
# environment
SNAP_INSTANCE_NAME = code
# environment
SNAP_ARCH = amd64
# makefile (from '/home/gianfi/Documents/Thesis/xscore_gp/xscore_v1.3/c++/Makefile', line 1)
MAKEFILE_LIST :=  /home/gianfi/Documents/Thesis/xscore_gp/xscore_v1.3/c++/Makefile
# automatic
@F = $(notdir $@)
# environment
GIO_LAUNCHED_DESKTOP_FILE = /var/lib/snapd/desktop/applications/code_code.desktop
# environment
USERNAME = gianfi
# environment
MAKELEVEL := 0
# environment
MANDATORY_PATH = /usr/share/gconf/gnome.mandatory.path
# environment
XDG_DATA_DIRS = /usr/share/gnome:/usr/local/share/:/usr/share/:/var/lib/snapd/desktop
# environment
DBUS_SESSION_BUS_ADDRESS = unix:path=/run/user/1000/bus
# environment
VSCODE_VERBOSE_LOGGING = true
# environment
_ = /snap/code/59/usr/share/code/code
# environment
MANAGERPID = 2327
# environment
LESSOPEN = | /usr/bin/lesspipe %s
# environment
LC_NAME = it_IT.UTF-8
# environment
GSETTINGS_SCHEMA_DIR = /snap/code/59/usr/share/glib-2.0/schemas
# default
MAKE_HOST := x86_64-pc-linux-gnu
# environment
PATH = /home/gianfi/.local/bin:/home/gianfi/bin:/home/gianfi/anaconda3/bin:/home/gianfi/.local/bin:/home/gianfi/bin:/usr/local/sbin:/usr/local/bin:/usr/sbin:/usr/bin:/sbin:/bin:/usr/games:/usr/local/games:/snap/bin
# environment
GPG_AGENT_INFO = /run/user/1000/gnupg/S.gpg-agent:0:1
# environment
SESSION_MANAGER = local/msilinux:@/tmp/.ICE-unix/2638,unix/msilinux:/tmp/.ICE-unix/2638
# environment
XDG_RUNTIME_DIR = /run/user/1000
# environment
GDK_PIXBUF_MODULE_FILE = /home/gianfi/snap/code/common/.cache/gdk-pixbuf-loaders.cache
# makefile (from '/home/gianfi/Documents/Thesis/xscore_gp/xscore_v1.3/c++/Makefile', line 6)
OBJECT = main.o basic.o score.o parameter.o input.o ligand.o logp.o misc.o molecule.o population.o protein.o utilities.o 
# environment
SNAP = /snap/code/59
# environment
SNAP_VERSION = 2b9aebd5
# environment
XDG_MENU_PREFIX = gnome-
# environment
VSCODE_LOG_STACK = false
# environment
DISABLE_WAYLAND = 1
# environment
VSCODE_CRASH_REPORTER_START_OPTIONS = {"companyName":"Microsoft","productName":"VSCode","submitURL":"appcenter://code?aid=fba07a4d-84bd-4fc8-a125-9640fc8ce171&uid=77fdd022-07b3-4557-827f-ccca1e350274&iid=77fdd022-07b3-4557-827f-ccca1e350274&sid=77fdd022-07b3-4557-827f-ccca1e350274","uploadToServer":true}
# environment
INVOCATION_ID = 4a771a7ac7154a21844b03cb0a3598da
# environment
GDK_PIXBUF_MODULEDIR = /snap/code/59/usr/lib/x86_64-linux-gnu/gdk-pixbuf-2.0/2.10.0/loaders
# makefile (from '/home/gianfi/Documents/Thesis/xscore_gp/xscore_v1.3/c++/Makefile', line 19)
LIB = -lm
# default
.FEATURES := target-specific order-only second-expansion else-if shortest-stem undefine oneshell archives jobserver output-sync check-symlink load
# environment
LS_COLORS = 
# environment
XDG_SESSION_DESKTOP = gnome
# environment
SSH_AUTH_SOCK = /run/user/1000/keyring/ssh
# environment
GIO_LAUNCHED_DESKTOP_FILE_PID = 51334
# automatic
%F = $(notdir $%)
# environment
DISPLAY = :1
# environment
VSCODE_PIPE_LOGGING = true
# environment
SNAP_INSTANCE_KEY = 
# environment
PWD = /home/gianfi/Documents/AOS/miosix-kernel
# default
.LOADED := 
# environment
SSH_AGENT_PID = 2596
# environment
ORIGINAL_XDG_CURRENT_DESKTOP = GNOME
# environment
GTK_MODULES = gail:atk-bridge
# environment
VSCODE_AMD_ENTRYPOINT = vs/workbench/services/extensions/node/extensionHostProcess
# environment
HOME = /home/gianfi
# environment
LD_LIBRARY_PATH = /usr/lib/cuda-8/lib64:/usr/local/cuda-11.2/lib64:/usr/lib/cuda/include:/usr/lib/cuda/lib64:/usr/lib/cuda/include:/usr/lib/cuda/lib64:/usr/lib/cuda/include:/usr/lib/cuda/lib64::/your/custom/path/:usr/lib/cuda-8/lib64:usr/lib/cuda-8/lib64/
# environment
LESSCLOSE = /usr/bin/lesspipe %s %s
# environment
VSCODE_CLI = 1
# environment
LOGNAME = gianfi
# environment
APPLICATION_INSIGHTS_NO_DIAGNOSTIC_CHANNEL = true
# environment
SNAP_LIBRARY_PATH = /var/lib/snapd/lib/gl:/var/lib/snapd/lib/gl32:/var/lib/snapd/void
# environment
SNAP_CONTEXT = CSQ6NytSjhGyRXLfbj9hQtX4S37Kd1c7BrLfPxflgvDg
# automatic
+F = $(notdir $+)
# environment
SNAP_USER_COMMON = /home/gianfi/snap/code/common
# environment
VSCODE_HANDLES_UNCAUGHT_ERRORS = true
# environment
GNOME_DESKTOP_SESSION_ID = this-is-deprecated
# automatic
^D = $(patsubst %/,%,$(dir $^))
# environment
LC_TIME = it_IT.UTF-8
# environment
SNAP_REAL_HOME = /home/gianfi
# default
MAKE = $(MAKE_COMMAND)
# default
MAKECMDGOALS := all
# environment
QT_IM_MODULE = ibus
# environment
SNAP_USER_DATA = /home/gianfi/snap/code/59
# environment
SHLVL = 0
# makefile (from '/home/gianfi/Documents/Thesis/xscore_gp/xscore_v1.3/c++/Makefile', line 4)
CC = g++ -O1 -ggdb
# environment
IM_CONFIG_PHASE = 1
# environment
VSCODE_IPC_HOOK_EXTHOST = /run/user/1000/vscode-ipc-8094022b-375f-4ff5-9012-49f6674f751f.sock
# default
MAKE_VERSION := 4.2.1
# environment
USER = gianfi
# environment
SNAP_REVISION = 59
# environment
LC_MONETARY = it_IT.UTF-8
# makefile
.DEFAULT_GOAL := xscore
# environment
XDG_CURRENT_DESKTOP = GNOME
# automatic
%D = $(patsubst %/,%,$(dir $%))
# environment
LC_TELEPHONE = it_IT.UTF-8
# default
MAKE_COMMAND := make
# environment
VSCODE_NODE_CACHED_DATA_DIR = /home/gianfi/.config/Code/CachedData/2b9aebd5354a3629c3aba0a5f5df49f43d6689f8
# default
.VARIABLES := 
# automatic
*F = $(notdir $*)
# environment
VSCODE_IPC_HOOK = /run/user/1000/vscode-bbbcb1b4-1.54.3-main.sock
# environment
BAMF_DESKTOP_FILE_HINT = /var/lib/snapd/desktop/applications/code_code.desktop
# makefile
MAKEFLAGS = pqrR
# environment
MFLAGS = -pqrR
# automatic
*D = $(patsubst %/,%,$(dir $*))
# environment
BREAKPAD_DUMP_LOCATION = /home/gianfi/.config/Code/exthost Crash Reports
# automatic
+D = $(patsubst %/,%,$(dir $+))
# environment
LC_PAPER = it_IT.UTF-8
# environment
LC_IDENTIFICATION = it_IT.UTF-8
# environment
QT_ACCESSIBILITY = 1
# environment
DEFAULTS_PATH = /usr/share/gconf/gnome.default.path
# default
MAKEFILES := 
# environment
SNAP_COOKIE = CSQ6NytSjhGyRXLfbj9hQtX4S37Kd1c7BrLfPxflgvDg
# environment
LC_NUMERIC = it_IT.UTF-8
# automatic
<F = $(notdir $<)
# environment
ELECTRON_RUN_AS_NODE = 1
# environment
LC_MEASUREMENT = it_IT.UTF-8
# environment
SNAP_NAME = code
# environment
ELECTRON_NO_ATTACH_CONSOLE = 1
# environment
GJS_DEBUG_TOPICS = JS ERROR;JS LOG
# automatic
^F = $(notdir $^)
# default
SUFFIXES := 
# environment
SNAP_REEXEC = 
# environment
CHROME_DESKTOP = code-url-handler.desktop
# environment
WINDOWPATH = 2
# default
.INCLUDE_DIRS = /usr/include /usr/local/include /usr/include
# environment
GJS_DEBUG_OUTPUT = stderr
# default
.RECIPEPREFIX := 
# environment
LC_ADDRESS = it_IT.UTF-8
# environment
LANG = en_US.UTF-8
# environment
VSCODE_PID = 51377
# variable set hash-table stats:
# Load=133/1024=13%, Rehash=0, Collisions=22/159=14%

# Pattern-specific Variable Values
 

# No pattern-specific variable values.

# Directories


# No files, no impossibilities in 0 directories.

# Implicit Rules

# No implicit rules.

# Files

score.o: score.c xtool.h
#  Implicit rule search has not been done.
#  Modification time never checked.
#  File has not been updated.

logp.o: logp.c xtool.h
#  Implicit rule search has not been done.
#  Modification time never checked.
#  File has not been updated.

# Not a target:
molecule.c:
#  Implicit rule search has not been done.
#  Modification time never checked.
#  File has not been updated.

# Not a target:
all:
#  Command line target.
#  Implicit rule search has been done.
#  File does not exist.
#  File has not been updated.

ligand.o: ligand.c xtool.h
#  Implicit rule search has not been done.
#  Modification time never checked.
#  File has not been updated.

# Not a target:
main.c:
#  Implicit rule search has not been done.
#  Modification time never checked.
#  File has not been updated.

# Not a target:
parameter.c:
#  Implicit rule search has not been done.
#  Modification time never checked.
#  File has not been updated.

misc.o: misc.c xtool.h
#  Implicit rule search has not been done.
#  Modification time never checked.
#  File has not been updated.

# Not a target:
score.c:
#  Implicit rule search has not been done.
#  Modification time never checked.
#  File has not been updated.

basic.o: basic.c xtool.h
#  Implicit rule search has not been done.
#  Modification time never checked.
#  File has not been updated.

protein.o: protein.c xtool.h
#  Implicit rule search has not been done.
#  Modification time never checked.
#  File has not been updated.

# Not a target:
logp.c:
#  Implicit rule search has not been done.
#  Modification time never checked.
#  File has not been updated.

population.o: population.c xtool.h
#  Implicit rule search has not been done.
#  Modification time never checked.
#  File has not been updated.

# Not a target:
xtool.h:
#  Implicit rule search has not been done.
#  Modification time never checked.
#  File has not been updated.

# Not a target:
ligand.c:
#  Implicit rule search has not been done.
#  Modification time never checked.
#  File has not been updated.

input.o: input.c xtool.h
#  Implicit rule search has not been done.
#  Modification time never checked.
#  File has not been updated.

# Not a target:
.DEFAULT:
#  Implicit rule search has not been done.
#  Modification time never checked.
#  File has not been updated.

utilities.o: utilities.c xtool.h
#  Implicit rule search has not been done.
#  Modification time never checked.
#  File has not been updated.

# Not a target:
misc.c:
#  Implicit rule search has not been done.
#  Modification time never checked.
#  File has not been updated.

# Not a target:
basic.c:
#  Implicit rule search has not been done.
#  Modification time never checked.
#  File has not been updated.

molecule.o: molecule.c xtool.h
#  Implicit rule search has not been done.
#  Modification time never checked.
#  File has not been updated.

# Not a target:
/home/gianfi/Documents/Thesis/xscore_gp/xscore_v1.3/c++/Makefile:
#  Implicit rule search has been done.
#  Last modified 2021-03-22 10:54:49.292140114
#  File has been updated.
#  Successfully updated.

# Not a target:
protein.c:
#  Implicit rule search has not been done.
#  Modification time never checked.
#  File has not been updated.

# Not a target:
population.c:
#  Implicit rule search has not been done.
#  Modification time never checked.
#  File has not been updated.

main.o: main.c xtool.h
#  Implicit rule search has not been done.
#  Modification time never checked.
#  File has not been updated.

# Not a target:
input.c:
#  Implicit rule search has not been done.
#  Modification time never checked.
#  File has not been updated.

xscore: main.o basic.o score.o parameter.o input.o ligand.o logp.o misc.o molecule.o population.o protein.o utilities.o
 
#  Implicit rule search has not been done.
#  Modification time never checked.
#  File has not been updated.
#  recipe to execute (from '/home/gianfi/Documents/Thesis/xscore_gp/xscore_v1.3/c++/Makefile', line 22):
	$(CC) $(OBJECT) $(LIB) -o xscore 

parameter.o: parameter.c xtool.h
#  Implicit rule search has not been done.
#  Modification time never checked.
#  File has not been updated.

# Not a target:
utilities.c:
#  Implicit rule search has not been done.
#  Modification time never checked.
#  File has not been updated.

# files hash-table stats:
# Load=30/1024=3%, Rehash=0, Collisions=0/88=0%
# VPATH Search Paths

# No 'vpath' search paths.

# No general ('VPATH' variable) search path.

# strcache buffers: 1 (0) / strings = 32 / storage = 359 B / avg = 11 B
# current buf: size = 8162 B / used = 359 B / count = 32 / avg = 11 B

# strcache performance: lookups = 71 / hit rate = 54%
# hash-table stats:
# Load=32/8192=0%, Rehash=0, Collisions=0/71=0%
# Finished Make data base on Tue Mar 23 14:59:26 2021

 
